[ 2013-10-24T11:51:23+08:00 ] 127.0.0.1 /meeting/admin.php/Index/Index/login
NOTIC: 建议使用I方法替代_session
NOTIC: 建议使用I方法替代_post
NOTIC: 建议使用I方法替代_post
NOTIC: 建议使用I方法替代_post

[ 2013-10-24T14:40:06+08:00 ] 127.0.0.1 /meeting/admin.php/Index/Index/login
NOTIC: 建议使用I方法替代_session
NOTIC: 建议使用I方法替代_post
NOTIC: 建议使用I方法替代_post
NOTIC: 建议使用I方法替代_post

[ 2013-10-24T14:41:03+08:00 ] 127.0.0.1 /meeting/admin.php/Cms/Column/col_update
NOTIC: 建议使用I方法替代_post
NOTIC: 建议使用I方法替代_post
NOTIC: 建议使用I方法替代_post
NOTIC: 建议使用I方法替代_post

[ 2013-10-24T14:57:35+08:00 ] 127.0.0.1 /meeting/admin.php/Cms/Column/col_insert
NOTIC: 建议使用I方法替代_post
NOTIC: 建议使用I方法替代_post
NOTIC: 建议使用I方法替代_post
NOTIC: 建议使用I方法替代_post
NOTIC: 建议使用I方法替代_post

[ 2013-10-24T14:58:41+08:00 ] 127.0.0.1 /meeting/admin.php/Cms/Column/col_update
NOTIC: 建议使用I方法替代_post
NOTIC: 建议使用I方法替代_post
NOTIC: 建议使用I方法替代_post
NOTIC: 建议使用I方法替代_post
NOTIC: 建议使用I方法替代_post

[ 2013-10-24T16:46:17+08:00 ] 127.0.0.1 /meeting/admin.php/Index/Index/login
NOTIC: 建议使用I方法替代_session
NOTIC: 建议使用I方法替代_post
NOTIC: 建议使用I方法替代_post
NOTIC: 建议使用I方法替代_post

