[ 2016-07-25T10:03:03+08:00 ] 127.0.0.1 /admin.php/Login/login
NOTIC: 建议使用I方法替代_post
NOTIC: 建议使用I方法替代_post

[ 2016-07-25T10:11:16+08:00 ] 127.0.0.1 /admin.php/Article/article_update
NOTIC: 建议使用I方法替代_post
NOTIC: 建议使用I方法替代_post
NOTIC: 建议使用I方法替代_post
NOTIC: 建议使用I方法替代_post
NOTIC: 建议使用I方法替代_post
NOTIC: 建议使用I方法替代_post

[ 2016-07-25T10:11:25+08:00 ] 127.0.0.1 /admin.php/Article/article_update
NOTIC: 建议使用I方法替代_post
NOTIC: 建议使用I方法替代_post
NOTIC: 建议使用I方法替代_post
NOTIC: 建议使用I方法替代_post
NOTIC: 建议使用I方法替代_post
NOTIC: 建议使用I方法替代_post

[ 2016-07-25T10:11:50+08:00 ] 127.0.0.1 /admin.php/Article/article_update
NOTIC: 建议使用I方法替代_post
NOTIC: 建议使用I方法替代_post
NOTIC: 建议使用I方法替代_post
NOTIC: 建议使用I方法替代_post
NOTIC: 建议使用I方法替代_post
NOTIC: 建议使用I方法替代_post

[ 2016-07-25T10:12:05+08:00 ] 127.0.0.1 /admin.php/Article/article_update
NOTIC: 建议使用I方法替代_post
NOTIC: 建议使用I方法替代_post
NOTIC: 建议使用I方法替代_post
NOTIC: 建议使用I方法替代_post
NOTIC: 建议使用I方法替代_post
NOTIC: 建议使用I方法替代_post

[ 2016-07-25T10:12:17+08:00 ] 127.0.0.1 /admin.php/Article/article_update
NOTIC: 建议使用I方法替代_post
NOTIC: 建议使用I方法替代_post
NOTIC: 建议使用I方法替代_post
NOTIC: 建议使用I方法替代_post
NOTIC: 建议使用I方法替代_post
NOTIC: 建议使用I方法替代_post

[ 2016-07-25T11:19:42+08:00 ] 127.0.0.1 /admin.php/Login/login
NOTIC: 建议使用I方法替代_post
NOTIC: 建议使用I方法替代_post

[ 2016-07-25T11:47:08+08:00 ] 127.0.0.1 /admin.php/Article/article_update
NOTIC: 建议使用I方法替代_post
NOTIC: 建议使用I方法替代_post
NOTIC: 建议使用I方法替代_post
NOTIC: 建议使用I方法替代_post
NOTIC: 建议使用I方法替代_post
NOTIC: 建议使用I方法替代_post

[ 2016-07-25T11:47:15+08:00 ] 127.0.0.1 /admin.php/Article/article_update
NOTIC: 建议使用I方法替代_post
NOTIC: 建议使用I方法替代_post
NOTIC: 建议使用I方法替代_post
NOTIC: 建议使用I方法替代_post
NOTIC: 建议使用I方法替代_post
NOTIC: 建议使用I方法替代_post

[ 2016-07-25T11:47:22+08:00 ] 127.0.0.1 /admin.php/Article/article_update
NOTIC: 建议使用I方法替代_post
NOTIC: 建议使用I方法替代_post
NOTIC: 建议使用I方法替代_post
NOTIC: 建议使用I方法替代_post
NOTIC: 建议使用I方法替代_post
NOTIC: 建议使用I方法替代_post

[ 2016-07-25T11:48:36+08:00 ] 127.0.0.1 /admin.php/Article/article_update
NOTIC: 建议使用I方法替代_post
NOTIC: 建议使用I方法替代_post
NOTIC: 建议使用I方法替代_post
NOTIC: 建议使用I方法替代_post
NOTIC: 建议使用I方法替代_post
NOTIC: 建议使用I方法替代_post

[ 2016-07-25T11:48:43+08:00 ] 127.0.0.1 /admin.php/Article/article_update
NOTIC: 建议使用I方法替代_post
NOTIC: 建议使用I方法替代_post
NOTIC: 建议使用I方法替代_post
NOTIC: 建议使用I方法替代_post
NOTIC: 建议使用I方法替代_post
NOTIC: 建议使用I方法替代_post

[ 2016-07-25T11:48:50+08:00 ] 127.0.0.1 /admin.php/Article/article_update
NOTIC: 建议使用I方法替代_post
NOTIC: 建议使用I方法替代_post
NOTIC: 建议使用I方法替代_post
NOTIC: 建议使用I方法替代_post
NOTIC: 建议使用I方法替代_post
NOTIC: 建议使用I方法替代_post

[ 2016-07-25T12:30:52+08:00 ] 127.0.0.1 /admin.php/Login/login
NOTIC: 建议使用I方法替代_post
NOTIC: 建议使用I方法替代_post

[ 2016-07-25T12:31:54+08:00 ] 127.0.0.1 /admin.php/Login/login
NOTIC: 建议使用I方法替代_post
NOTIC: 建议使用I方法替代_post

[ 2016-07-25T13:33:36+08:00 ] 127.0.0.1 /admin.php/Login/login
NOTIC: 建议使用I方法替代_post
NOTIC: 建议使用I方法替代_post

[ 2016-07-25T14:35:09+08:00 ] 127.0.0.1 /admin.php/Login/login
NOTIC: 建议使用I方法替代_post
NOTIC: 建议使用I方法替代_post
ERR: Action:setCache您所请求的方法不存在！

[ 2016-07-25T14:39:07+08:00 ] 127.0.0.1 /admin.php/Login/login
NOTIC: 建议使用I方法替代_post
NOTIC: 建议使用I方法替代_post

[ 2016-07-25T14:41:22+08:00 ] 127.0.0.1 /admin.php/Login/login
NOTIC: 建议使用I方法替代_post
NOTIC: 建议使用I方法替代_post

[ 2016-07-25T14:42:31+08:00 ] 127.0.0.1 /admin.php/Login/login
NOTIC: 建议使用I方法替代_post
NOTIC: 建议使用I方法替代_post

[ 2016-07-25T14:47:03+08:00 ] 127.0.0.1 /admin.php/Login/login
NOTIC: 建议使用I方法替代_post
NOTIC: 建议使用I方法替代_post

[ 2016-07-25T15:12:11+08:00 ] 127.0.0.1 /admin.php/login/login
NOTIC: 建议使用I方法替代_post
NOTIC: 建议使用I方法替代_post
ERR: 模板不存在[./Admin/Tpl/Login/login.html]

