[ 2016-05-30T10:00:48+08:00 ] 127.0.0.1 /meeting/admin.php/Index/Index/login
NOTIC: 建议使用I方法替代_session
NOTIC: 建议使用I方法替代_post
NOTIC: 建议使用I方法替代_post
NOTIC: 建议使用I方法替代_post
ERR: Access denied for user 'root'@'localhost' (using password: YES)

[ 2016-05-30T10:01:18+08:00 ] 127.0.0.1 /meeting/admin.php/Index/Index/login
NOTIC: 建议使用I方法替代_session
NOTIC: 建议使用I方法替代_post
NOTIC: 建议使用I方法替代_post
NOTIC: 建议使用I方法替代_post

[ 2016-05-30T10:03:25+08:00 ] 127.0.0.1 /meeting/admin.php/Index/Index/login
NOTIC: 建议使用I方法替代_session
NOTIC: 建议使用I方法替代_post
NOTIC: 建议使用I方法替代_post
NOTIC: 建议使用I方法替代_post

[ 2016-05-30T10:03:32+08:00 ] 127.0.0.1 /meeting/admin.php/Index/Index/login
NOTIC: 建议使用I方法替代_session
NOTIC: 建议使用I方法替代_post
NOTIC: 建议使用I方法替代_post
NOTIC: 建议使用I方法替代_post

[ 2016-05-30T10:04:05+08:00 ] 127.0.0.1 /meeting/admin.php/Index/Index/login
NOTIC: 建议使用I方法替代_session
NOTIC: 建议使用I方法替代_post
NOTIC: 建议使用I方法替代_post
NOTIC: 建议使用I方法替代_post

[ 2016-05-30T10:04:13+08:00 ] 127.0.0.1 /meeting/admin.php/Index/Index/login
NOTIC: 建议使用I方法替代_session
NOTIC: 建议使用I方法替代_post
NOTIC: 建议使用I方法替代_post
NOTIC: 建议使用I方法替代_post

[ 2016-05-30T10:04:20+08:00 ] 127.0.0.1 /meeting/admin.php/Index/Index/login
NOTIC: 建议使用I方法替代_session
NOTIC: 建议使用I方法替代_post
NOTIC: 建议使用I方法替代_post
NOTIC: 建议使用I方法替代_post

[ 2016-05-30T10:04:27+08:00 ] 127.0.0.1 /meeting/admin.php/Index/Index/login
NOTIC: 建议使用I方法替代_session
NOTIC: 建议使用I方法替代_post

[ 2016-05-30T10:04:30+08:00 ] 127.0.0.1 /meeting/admin.php/Index/Index/login
NOTIC: 建议使用I方法替代_session
NOTIC: 建议使用I方法替代_post
NOTIC: 建议使用I方法替代_post
NOTIC: 建议使用I方法替代_post

[ 2016-05-30T10:04:43+08:00 ] 127.0.0.1 /meeting/admin.php/Index/Index/login
NOTIC: 建议使用I方法替代_session
NOTIC: 建议使用I方法替代_post
NOTIC: 建议使用I方法替代_post
NOTIC: 建议使用I方法替代_post

[ 2016-05-30T10:04:54+08:00 ] 127.0.0.1 /meeting/admin.php/Index/Index/login
NOTIC: 建议使用I方法替代_session
NOTIC: 建议使用I方法替代_post
NOTIC: 建议使用I方法替代_post
NOTIC: 建议使用I方法替代_post

[ 2016-05-30T10:05:17+08:00 ] 127.0.0.1 /meeting/admin.php/Index/Index/login
NOTIC: 建议使用I方法替代_session
NOTIC: 建议使用I方法替代_post
NOTIC: 建议使用I方法替代_post
NOTIC: 建议使用I方法替代_post

[ 2016-05-30T10:05:57+08:00 ] 127.0.0.1 /meeting/admin.php/Index/Index/login
NOTIC: 建议使用I方法替代_session
NOTIC: 建议使用I方法替代_post
NOTIC: 建议使用I方法替代_post
NOTIC: 建议使用I方法替代_post

[ 2016-05-30T10:06:45+08:00 ] 127.0.0.1 /meeting/admin.php/Index/Index/login
NOTIC: 建议使用I方法替代_session
NOTIC: 建议使用I方法替代_post

[ 2016-05-30T10:06:51+08:00 ] 127.0.0.1 /meeting/admin.php/Index/Index/login
NOTIC: 建议使用I方法替代_session
NOTIC: 建议使用I方法替代_post
NOTIC: 建议使用I方法替代_post
NOTIC: 建议使用I方法替代_post

[ 2016-05-30T10:07:26+08:00 ] 127.0.0.1 /meeting/admin.php/Index/Index/login
NOTIC: 建议使用I方法替代_session
NOTIC: 建议使用I方法替代_post

[ 2016-05-30T10:07:37+08:00 ] 127.0.0.1 /meeting/admin.php/Index/Index/login
NOTIC: 建议使用I方法替代_session
NOTIC: 建议使用I方法替代_post
NOTIC: 建议使用I方法替代_post
NOTIC: 建议使用I方法替代_post

[ 2016-05-30T10:08:05+08:00 ] 127.0.0.1 /meeting/admin.php/Index/Index/login
NOTIC: 建议使用I方法替代_session
NOTIC: 建议使用I方法替代_post
NOTIC: 建议使用I方法替代_post
NOTIC: 建议使用I方法替代_post

[ 2016-05-30T10:09:32+08:00 ] 127.0.0.1 /meeting/admin.php/Index/Index/login
NOTIC: 建议使用I方法替代_session
NOTIC: 建议使用I方法替代_post
NOTIC: 建议使用I方法替代_post
NOTIC: 建议使用I方法替代_post

[ 2016-05-30T10:11:10+08:00 ] 127.0.0.1 /meeting/admin.php/Index/Index/login
NOTIC: 建议使用I方法替代_session
NOTIC: 建议使用I方法替代_post
NOTIC: 建议使用I方法替代_post
NOTIC: 建议使用I方法替代_post

[ 2016-05-30T10:50:57+08:00 ] 127.0.0.1 /meeting/admin.php/Index/Index/login
NOTIC: 建议使用I方法替代_session
NOTIC: 建议使用I方法替代_post
NOTIC: 建议使用I方法替代_post
NOTIC: 建议使用I方法替代_post

[ 2016-05-30T10:51:06+08:00 ] 127.0.0.1 /meeting/admin.php/Index/Index/login
NOTIC: 建议使用I方法替代_session
NOTIC: 建议使用I方法替代_post
NOTIC: 建议使用I方法替代_post
NOTIC: 建议使用I方法替代_post

[ 2016-05-30T10:51:09+08:00 ] 127.0.0.1 /meeting/admin.php/Index/Index/login
NOTIC: 建议使用I方法替代_session
NOTIC: 建议使用I方法替代_post

[ 2016-05-30T10:51:14+08:00 ] 127.0.0.1 /meeting/admin.php/Index/Index/login
NOTIC: 建议使用I方法替代_session
NOTIC: 建议使用I方法替代_post
NOTIC: 建议使用I方法替代_post
NOTIC: 建议使用I方法替代_post

[ 2016-05-30T10:52:26+08:00 ] 127.0.0.1 /meeting/admin.php/Index/Index/login
NOTIC: 建议使用I方法替代_session
NOTIC: 建议使用I方法替代_post
NOTIC: 建议使用I方法替代_post
NOTIC: 建议使用I方法替代_post

[ 2016-05-30T10:53:39+08:00 ] 127.0.0.1 /meeting/admin.php/Cms/Column/col_insert
NOTIC: 建议使用I方法替代_post
NOTIC: 建议使用I方法替代_post
NOTIC: 建议使用I方法替代_post
NOTIC: 建议使用I方法替代_post
NOTIC: 建议使用I方法替代_post

[ 2016-05-30T11:05:53+08:00 ] 127.0.0.1 /meeting/admin.php/Cms/Article/article_insert
NOTIC: 建议使用I方法替代_post
NOTIC: 建议使用I方法替代_post
NOTIC: 建议使用I方法替代_post
NOTIC: 建议使用I方法替代_post

[ 2016-05-30T11:06:51+08:00 ] 127.0.0.1 /meeting/admin.php/Cms/Article/article_insert
NOTIC: 建议使用I方法替代_post
NOTIC: 建议使用I方法替代_post
NOTIC: 建议使用I方法替代_post
NOTIC: 建议使用I方法替代_post

[ 2016-05-30T11:23:10+08:00 ] 127.0.0.1 /meeting/admin.php/Cms/Article/article_insert
NOTIC: 建议使用I方法替代_post
NOTIC: 建议使用I方法替代_post
NOTIC: 建议使用I方法替代_post
NOTIC: 建议使用I方法替代_post
NOTIC: 建议使用I方法替代_post

[ 2016-05-30T11:23:20+08:00 ] 127.0.0.1 /meeting/admin.php/Cms/Article/article_insert
NOTIC: 建议使用I方法替代_post
NOTIC: 建议使用I方法替代_post
NOTIC: 建议使用I方法替代_post
NOTIC: 建议使用I方法替代_post

[ 2016-05-30T11:30:51+08:00 ] 127.0.0.1 /meeting/admin.php/Cms/Column/col_update
NOTIC: 建议使用I方法替代_post
NOTIC: 建议使用I方法替代_post
NOTIC: 建议使用I方法替代_post
NOTIC: 建议使用I方法替代_post
NOTIC: 建议使用I方法替代_post

[ 2016-05-30T11:31:54+08:00 ] 127.0.0.1 /meeting/admin.php/Cms/Column/col_insert
NOTIC: 建议使用I方法替代_post
NOTIC: 建议使用I方法替代_post
NOTIC: 建议使用I方法替代_post
NOTIC: 建议使用I方法替代_post
NOTIC: 建议使用I方法替代_post

[ 2016-05-30T11:32:58+08:00 ] 127.0.0.1 /meeting/admin.php/Cms/Column/col_insert
NOTIC: 建议使用I方法替代_post
NOTIC: 建议使用I方法替代_post
NOTIC: 建议使用I方法替代_post
NOTIC: 建议使用I方法替代_post
NOTIC: 建议使用I方法替代_post

[ 2016-05-30T11:33:40+08:00 ] 127.0.0.1 /meeting/admin.php/Cms/Column/col_insert
NOTIC: 建议使用I方法替代_post
NOTIC: 建议使用I方法替代_post
NOTIC: 建议使用I方法替代_post
NOTIC: 建议使用I方法替代_post
NOTIC: 建议使用I方法替代_post

[ 2016-05-30T11:35:26+08:00 ] 127.0.0.1 /meeting/admin.php/Cms/Column/col_insert
NOTIC: 建议使用I方法替代_post
NOTIC: 建议使用I方法替代_post
NOTIC: 建议使用I方法替代_post
NOTIC: 建议使用I方法替代_post
NOTIC: 建议使用I方法替代_post

[ 2016-05-30T11:42:46+08:00 ] 127.0.0.1 /meeting/admin.php/Cms/Column/col_insert
NOTIC: 建议使用I方法替代_post
NOTIC: 建议使用I方法替代_post
NOTIC: 建议使用I方法替代_post
NOTIC: 建议使用I方法替代_post
NOTIC: 建议使用I方法替代_post

[ 2016-05-30T11:47:44+08:00 ] 127.0.0.1 /meeting/admin.php/Cms/Column/col_insert
NOTIC: 建议使用I方法替代_post
NOTIC: 建议使用I方法替代_post
NOTIC: 建议使用I方法替代_post
NOTIC: 建议使用I方法替代_post
NOTIC: 建议使用I方法替代_post

[ 2016-05-30T11:48:35+08:00 ] 127.0.0.1 /meeting/admin.php/Cms/Article/article_insert
NOTIC: 建议使用I方法替代_post
NOTIC: 建议使用I方法替代_post
NOTIC: 建议使用I方法替代_post
NOTIC: 建议使用I方法替代_post

[ 2016-05-30T11:49:15+08:00 ] 127.0.0.1 /meeting/admin.php/Cms/Article/article_insert
NOTIC: 建议使用I方法替代_post
NOTIC: 建议使用I方法替代_post
NOTIC: 建议使用I方法替代_post
NOTIC: 建议使用I方法替代_post

[ 2016-05-30T12:22:11+08:00 ] 127.0.0.1 /meeting/admin.php/Cms/Article/article_insert
NOTIC: 建议使用I方法替代_post
NOTIC: 建议使用I方法替代_post
NOTIC: 建议使用I方法替代_post
NOTIC: 建议使用I方法替代_post

[ 2016-05-30T12:50:36+08:00 ] 127.0.0.1 /meeting/admin.php/Cms/Article/article_insert
NOTIC: 建议使用I方法替代_post
NOTIC: 建议使用I方法替代_post
NOTIC: 建议使用I方法替代_post
NOTIC: 建议使用I方法替代_post

[ 2016-05-30T12:53:25+08:00 ] 127.0.0.1 /meeting/admin.php/Cms/Article/article_update
NOTIC: 建议使用I方法替代_post
NOTIC: 建议使用I方法替代_post
NOTIC: 建议使用I方法替代_post
NOTIC: 建议使用I方法替代_post
NOTIC: 建议使用I方法替代_post

[ 2016-05-30T12:59:39+08:00 ] 127.0.0.1 /meeting/admin.php/Cms/Article/article_insert
NOTIC: 建议使用I方法替代_post
NOTIC: 建议使用I方法替代_post
NOTIC: 建议使用I方法替代_post
NOTIC: 建议使用I方法替代_post
NOTIC: 建议使用I方法替代_post

[ 2016-05-30T13:01:44+08:00 ] 127.0.0.1 /meeting/admin.php/Cms/Article/article_update
NOTIC: 建议使用I方法替代_post
NOTIC: 建议使用I方法替代_post
NOTIC: 建议使用I方法替代_post
NOTIC: 建议使用I方法替代_post
NOTIC: 建议使用I方法替代_post

[ 2016-05-30T13:02:27+08:00 ] 127.0.0.1 /meeting/admin.php/Cms/Article/article_insert
NOTIC: 建议使用I方法替代_post
NOTIC: 建议使用I方法替代_post
NOTIC: 建议使用I方法替代_post
NOTIC: 建议使用I方法替代_post

[ 2016-05-30T14:35:20+08:00 ] 127.0.0.1 /meeting/admin.php/Cms/Article/article_update
NOTIC: 建议使用I方法替代_post
NOTIC: 建议使用I方法替代_post
NOTIC: 建议使用I方法替代_post
NOTIC: 建议使用I方法替代_post
NOTIC: 建议使用I方法替代_post

[ 2016-05-30T14:35:51+08:00 ] 127.0.0.1 /meeting/admin.php/Cms/Article/article_update
NOTIC: 建议使用I方法替代_post
NOTIC: 建议使用I方法替代_post
NOTIC: 建议使用I方法替代_post
NOTIC: 建议使用I方法替代_post
NOTIC: 建议使用I方法替代_post

[ 2016-05-30T14:36:00+08:00 ] 127.0.0.1 /meeting/admin.php/Cms/Article/article_update
NOTIC: 建议使用I方法替代_post
NOTIC: 建议使用I方法替代_post
NOTIC: 建议使用I方法替代_post
NOTIC: 建议使用I方法替代_post
NOTIC: 建议使用I方法替代_post

[ 2016-05-30T14:36:06+08:00 ] 127.0.0.1 /meeting/admin.php/Cms/Article/article_update
NOTIC: 建议使用I方法替代_post
NOTIC: 建议使用I方法替代_post
NOTIC: 建议使用I方法替代_post
NOTIC: 建议使用I方法替代_post
NOTIC: 建议使用I方法替代_post

[ 2016-05-30T15:03:14+08:00 ] 127.0.0.1 /meeting/admin.php/Cms/Article/article_update
NOTIC: 建议使用I方法替代_post
NOTIC: 建议使用I方法替代_post
NOTIC: 建议使用I方法替代_post
NOTIC: 建议使用I方法替代_post
NOTIC: 建议使用I方法替代_post

[ 2016-05-30T15:03:26+08:00 ] 127.0.0.1 /meeting/admin.php/Cms/Article/article_update
NOTIC: 建议使用I方法替代_post
NOTIC: 建议使用I方法替代_post
NOTIC: 建议使用I方法替代_post
NOTIC: 建议使用I方法替代_post
NOTIC: 建议使用I方法替代_post

