[ 2016-06-01T14:40:04+08:00 ] 127.0.0.1 /meeting/admin.php/Login/logout/
ERR: 非法操作:logout

[ 2016-06-01T14:41:42+08:00 ] 127.0.0.1 /meeting/admin.php/Login/logout/
ERR: 非法操作:logout

[ 2016-06-01T14:41:46+08:00 ] 127.0.0.1 /meeting/admin.php/Login/logout/
ERR: 非法操作:logout

[ 2016-06-01T14:41:51+08:00 ] 127.0.0.1 /meeting/admin.php/admin/Login/logout/
ERR: 无法加载模块:Admin

[ 2016-06-01T14:43:01+08:00 ] 127.0.0.1 /meeting/admin.php/admin/Login/logout/
ERR: 无法加载模块:Admin

[ 2016-06-01T14:43:09+08:00 ] 127.0.0.1 /meeting/admin.php/Login/login
NOTIC: 建议使用I方法替代_session
NOTIC: 建议使用I方法替代_post
NOTIC: 建议使用I方法替代_post
NOTIC: 建议使用I方法替代_post

[ 2016-06-01T14:55:39+08:00 ] 127.0.0.1 /meeting/admin.php/Login/login
NOTIC: 建议使用I方法替代_session
NOTIC: 建议使用I方法替代_post
NOTIC: 建议使用I方法替代_post
NOTIC: 建议使用I方法替代_post

[ 2016-06-01T15:06:20+08:00 ] 127.0.0.1 /meeting/admin.php/Login/login
NOTIC: 建议使用I方法替代_session
NOTIC: 建议使用I方法替代_post
NOTIC: 建议使用I方法替代_post
NOTIC: 建议使用I方法替代_post

[ 2016-06-01T15:07:43+08:00 ] 127.0.0.1 /meeting/admin.php/Login/login
NOTIC: 建议使用I方法替代_session
NOTIC: 建议使用I方法替代_post
NOTIC: 建议使用I方法替代_post
NOTIC: 建议使用I方法替代_post

[ 2016-06-01T15:07:56+08:00 ] 127.0.0.1 /meeting/admin.php/Login/login
NOTIC: 建议使用I方法替代_session
NOTIC: 建议使用I方法替代_post
NOTIC: 建议使用I方法替代_post
NOTIC: 建议使用I方法替代_post

[ 2016-06-01T15:15:59+08:00 ] 127.0.0.1 /meeting/admin.php/Login/login
NOTIC: 建议使用I方法替代_session
NOTIC: 建议使用I方法替代_post
NOTIC: 建议使用I方法替代_post
NOTIC: 建议使用I方法替代_post

[ 2016-06-01T15:17:45+08:00 ] 127.0.0.1 /meeting/admin.php/Login/login
NOTIC: 建议使用I方法替代_session
NOTIC: 建议使用I方法替代_post
NOTIC: 建议使用I方法替代_post
NOTIC: 建议使用I方法替代_post

[ 2016-06-01T15:27:41+08:00 ] 127.0.0.1 /meeting/admin.php/Login/login
NOTIC: 建议使用I方法替代_session
NOTIC: 建议使用I方法替代_post

[ 2016-06-01T15:27:45+08:00 ] 127.0.0.1 /meeting/admin.php/Login/login
NOTIC: 建议使用I方法替代_session
NOTIC: 建议使用I方法替代_post
NOTIC: 建议使用I方法替代_post
NOTIC: 建议使用I方法替代_post

[ 2016-06-01T15:35:50+08:00 ] 127.0.0.1 /meeting/admin.php/Login/login
NOTIC: 建议使用I方法替代_session
NOTIC: 建议使用I方法替代_post
NOTIC: 建议使用I方法替代_post
NOTIC: 建议使用I方法替代_post

[ 2016-06-01T15:36:10+08:00 ] 127.0.0.1 /meeting/admin.php/Login/login
NOTIC: 建议使用I方法替代_session
NOTIC: 建议使用I方法替代_post
NOTIC: 建议使用I方法替代_post
NOTIC: 建议使用I方法替代_post

[ 2016-06-01T15:45:07+08:00 ] 127.0.0.1 /meeting/admin.php/Login/login
NOTIC: 建议使用I方法替代_session
NOTIC: 建议使用I方法替代_post

[ 2016-06-01T15:45:12+08:00 ] 127.0.0.1 /meeting/admin.php/Login/login
NOTIC: 建议使用I方法替代_session
NOTIC: 建议使用I方法替代_post
NOTIC: 建议使用I方法替代_post
NOTIC: 建议使用I方法替代_post

[ 2016-06-01T15:49:09+08:00 ] 127.0.0.1 /meeting/admin.php/Login/login
NOTIC: 建议使用I方法替代_session
NOTIC: 建议使用I方法替代_post

[ 2016-06-01T15:49:12+08:00 ] 127.0.0.1 /meeting/admin.php/Login/login
NOTIC: 建议使用I方法替代_session
NOTIC: 建议使用I方法替代_post
NOTIC: 建议使用I方法替代_post
NOTIC: 建议使用I方法替代_post

[ 2016-06-01T16:55:35+08:00 ] 127.0.0.1 /meeting/admin.php/Login/login
NOTIC: 建议使用I方法替代_session
NOTIC: 建议使用I方法替代_post
NOTIC: 建议使用I方法替代_post
NOTIC: 建议使用I方法替代_post

[ 2016-06-01T16:57:33+08:00 ] 127.0.0.1 /meeting/admin.php/Login/login
NOTIC: 建议使用I方法替代_session
NOTIC: 建议使用I方法替代_post
NOTIC: 建议使用I方法替代_post
NOTIC: 建议使用I方法替代_post

[ 2016-06-01T17:26:47+08:00 ] 127.0.0.1 /meeting/admin.php/Login/login
NOTIC: 建议使用I方法替代_session
NOTIC: 建议使用I方法替代_post
NOTIC: 建议使用I方法替代_post
NOTIC: 建议使用I方法替代_post

[ 2016-06-01T17:30:11+08:00 ] 127.0.0.1 /meeting/admin.php/Login/login
NOTIC: 建议使用I方法替代_session
NOTIC: 建议使用I方法替代_post
NOTIC: 建议使用I方法替代_post
NOTIC: 建议使用I方法替代_post

[ 2016-06-01T17:58:23+08:00 ] 127.0.0.1 /meeting/admin.php/Login/login
NOTIC: 建议使用I方法替代_session
NOTIC: 建议使用I方法替代_post

[ 2016-06-01T17:58:28+08:00 ] 127.0.0.1 /meeting/admin.php/Login/login
NOTIC: 建议使用I方法替代_session
NOTIC: 建议使用I方法替代_post

[ 2016-06-01T17:58:32+08:00 ] 127.0.0.1 /meeting/admin.php/Login/login
NOTIC: 建议使用I方法替代_session
NOTIC: 建议使用I方法替代_post
NOTIC: 建议使用I方法替代_post
NOTIC: 建议使用I方法替代_post

