[ 2016-07-21T10:58:46+08:00 ] 127.0.0.1 /admin.php/Login/login
NOTIC: 建议使用I方法替代_post
NOTIC: 建议使用I方法替代_post

[ 2016-07-21T11:05:47+08:00 ] 127.0.0.1 /admin.php/Article/article_update
NOTIC: 建议使用I方法替代_post
NOTIC: 建议使用I方法替代_post
NOTIC: 建议使用I方法替代_post
NOTIC: 建议使用I方法替代_post
NOTIC: 建议使用I方法替代_post
NOTIC: 建议使用I方法替代_post

[ 2016-07-21T11:05:56+08:00 ] 127.0.0.1 /admin.php/Article/article_update
NOTIC: 建议使用I方法替代_post
NOTIC: 建议使用I方法替代_post
NOTIC: 建议使用I方法替代_post
NOTIC: 建议使用I方法替代_post
NOTIC: 建议使用I方法替代_post
NOTIC: 建议使用I方法替代_post

[ 2016-07-21T11:06:03+08:00 ] 127.0.0.1 /admin.php/Article/article_update
NOTIC: 建议使用I方法替代_post
NOTIC: 建议使用I方法替代_post
NOTIC: 建议使用I方法替代_post
NOTIC: 建议使用I方法替代_post
NOTIC: 建议使用I方法替代_post
NOTIC: 建议使用I方法替代_post

[ 2016-07-21T11:06:13+08:00 ] 127.0.0.1 /admin.php/Article/article_update
NOTIC: 建议使用I方法替代_post
NOTIC: 建议使用I方法替代_post
NOTIC: 建议使用I方法替代_post
NOTIC: 建议使用I方法替代_post
NOTIC: 建议使用I方法替代_post
NOTIC: 建议使用I方法替代_post

[ 2016-07-21T11:06:19+08:00 ] 127.0.0.1 /admin.php/Article/article_update
NOTIC: 建议使用I方法替代_post
NOTIC: 建议使用I方法替代_post
NOTIC: 建议使用I方法替代_post
NOTIC: 建议使用I方法替代_post
NOTIC: 建议使用I方法替代_post
NOTIC: 建议使用I方法替代_post

[ 2016-07-21T11:06:24+08:00 ] 127.0.0.1 /admin.php/Article/article_update
NOTIC: 建议使用I方法替代_post
NOTIC: 建议使用I方法替代_post
NOTIC: 建议使用I方法替代_post
NOTIC: 建议使用I方法替代_post
NOTIC: 建议使用I方法替代_post
NOTIC: 建议使用I方法替代_post

[ 2016-07-21T11:06:27+08:00 ] 127.0.0.1 /admin.php/Login/login
NOTIC: 建议使用I方法替代_post
NOTIC: 建议使用I方法替代_post

[ 2016-07-21T11:06:34+08:00 ] 127.0.0.1 /admin.php/Article/article_update
NOTIC: 建议使用I方法替代_post
NOTIC: 建议使用I方法替代_post
NOTIC: 建议使用I方法替代_post
NOTIC: 建议使用I方法替代_post
NOTIC: 建议使用I方法替代_post
NOTIC: 建议使用I方法替代_post

[ 2016-07-21T11:06:46+08:00 ] 127.0.0.1 /admin.php/Article/article_update
NOTIC: 建议使用I方法替代_post
NOTIC: 建议使用I方法替代_post
NOTIC: 建议使用I方法替代_post
NOTIC: 建议使用I方法替代_post
NOTIC: 建议使用I方法替代_post
NOTIC: 建议使用I方法替代_post

[ 2016-07-21T11:06:50+08:00 ] 127.0.0.1 /admin.php/Article/article_update
NOTIC: 建议使用I方法替代_post
NOTIC: 建议使用I方法替代_post
NOTIC: 建议使用I方法替代_post
NOTIC: 建议使用I方法替代_post
NOTIC: 建议使用I方法替代_post
NOTIC: 建议使用I方法替代_post

[ 2016-07-21T11:07:26+08:00 ] 127.0.0.1 /admin.php/Article/article_update
NOTIC: 建议使用I方法替代_post
NOTIC: 建议使用I方法替代_post
NOTIC: 建议使用I方法替代_post
NOTIC: 建议使用I方法替代_post
NOTIC: 建议使用I方法替代_post
NOTIC: 建议使用I方法替代_post

[ 2016-07-21T11:52:32+08:00 ] 127.0.0.1 /admin.php/Article/article_update
NOTIC: 建议使用I方法替代_post
NOTIC: 建议使用I方法替代_post
NOTIC: 建议使用I方法替代_post
NOTIC: 建议使用I方法替代_post
NOTIC: 建议使用I方法替代_post
NOTIC: 建议使用I方法替代_post

[ 2016-07-21T11:52:51+08:00 ] 127.0.0.1 /admin.php/Article/article_update
NOTIC: 建议使用I方法替代_post
NOTIC: 建议使用I方法替代_post
NOTIC: 建议使用I方法替代_post
NOTIC: 建议使用I方法替代_post
NOTIC: 建议使用I方法替代_post
NOTIC: 建议使用I方法替代_post

[ 2016-07-21T11:57:22+08:00 ] 127.0.0.1 /admin.php/Article/article_update
NOTIC: 建议使用I方法替代_post
NOTIC: 建议使用I方法替代_post
NOTIC: 建议使用I方法替代_post
NOTIC: 建议使用I方法替代_post
NOTIC: 建议使用I方法替代_post
NOTIC: 建议使用I方法替代_post

[ 2016-07-21T12:00:50+08:00 ] 127.0.0.1 /admin.php/Article/article_update
NOTIC: 建议使用I方法替代_post
NOTIC: 建议使用I方法替代_post
NOTIC: 建议使用I方法替代_post
NOTIC: 建议使用I方法替代_post
NOTIC: 建议使用I方法替代_post
NOTIC: 建议使用I方法替代_post

[ 2016-07-21T12:03:20+08:00 ] 127.0.0.1 /admin.php/Article/article_update
NOTIC: 建议使用I方法替代_post
NOTIC: 建议使用I方法替代_post
NOTIC: 建议使用I方法替代_post
NOTIC: 建议使用I方法替代_post
NOTIC: 建议使用I方法替代_post
NOTIC: 建议使用I方法替代_post

[ 2016-07-21T12:03:56+08:00 ] 127.0.0.1 /admin.php/Article/article_update
NOTIC: 建议使用I方法替代_post
NOTIC: 建议使用I方法替代_post
NOTIC: 建议使用I方法替代_post
NOTIC: 建议使用I方法替代_post
NOTIC: 建议使用I方法替代_post
NOTIC: 建议使用I方法替代_post

[ 2016-07-21T12:04:56+08:00 ] 127.0.0.1 /admin.php/Article/article_update
NOTIC: 建议使用I方法替代_post
NOTIC: 建议使用I方法替代_post
NOTIC: 建议使用I方法替代_post
NOTIC: 建议使用I方法替代_post
NOTIC: 建议使用I方法替代_post
NOTIC: 建议使用I方法替代_post

[ 2016-07-21T12:06:37+08:00 ] 127.0.0.1 /admin.php/Login/login
NOTIC: 建议使用I方法替代_post
NOTIC: 建议使用I方法替代_post

[ 2016-07-21T12:06:49+08:00 ] 127.0.0.1 /admin.php/Article/article_update
NOTIC: 建议使用I方法替代_post
NOTIC: 建议使用I方法替代_post
NOTIC: 建议使用I方法替代_post
NOTIC: 建议使用I方法替代_post
NOTIC: 建议使用I方法替代_post
NOTIC: 建议使用I方法替代_post

[ 2016-07-21T12:09:24+08:00 ] 127.0.0.1 /admin.php/Article/article_update
NOTIC: 建议使用I方法替代_post
NOTIC: 建议使用I方法替代_post
NOTIC: 建议使用I方法替代_post
NOTIC: 建议使用I方法替代_post
NOTIC: 建议使用I方法替代_post
NOTIC: 建议使用I方法替代_post

[ 2016-07-21T13:01:00+08:00 ] 127.0.0.1 /admin.php/Article/article_update
NOTIC: 建议使用I方法替代_post
NOTIC: 建议使用I方法替代_post
NOTIC: 建议使用I方法替代_post
NOTIC: 建议使用I方法替代_post
NOTIC: 建议使用I方法替代_post
NOTIC: 建议使用I方法替代_post

[ 2016-07-21T13:06:00+08:00 ] 127.0.0.1 /admin.php/Article/article_update
NOTIC: 建议使用I方法替代_post
NOTIC: 建议使用I方法替代_post
NOTIC: 建议使用I方法替代_post
NOTIC: 建议使用I方法替代_post
NOTIC: 建议使用I方法替代_post
NOTIC: 建议使用I方法替代_post

[ 2016-07-21T13:06:25+08:00 ] 127.0.0.1 /admin.php/Article/article_update
NOTIC: 建议使用I方法替代_post
NOTIC: 建议使用I方法替代_post
NOTIC: 建议使用I方法替代_post
NOTIC: 建议使用I方法替代_post
NOTIC: 建议使用I方法替代_post
NOTIC: 建议使用I方法替代_post

[ 2016-07-21T13:06:46+08:00 ] 127.0.0.1 /admin.php/Login/login
NOTIC: 建议使用I方法替代_post
NOTIC: 建议使用I方法替代_post

[ 2016-07-21T13:07:04+08:00 ] 127.0.0.1 /admin.php/Article/article_update
NOTIC: 建议使用I方法替代_post
NOTIC: 建议使用I方法替代_post
NOTIC: 建议使用I方法替代_post
NOTIC: 建议使用I方法替代_post
NOTIC: 建议使用I方法替代_post
NOTIC: 建议使用I方法替代_post

[ 2016-07-21T13:13:54+08:00 ] 127.0.0.1 /admin.php/Article/article_update
NOTIC: 建议使用I方法替代_post
NOTIC: 建议使用I方法替代_post
NOTIC: 建议使用I方法替代_post
NOTIC: 建议使用I方法替代_post
NOTIC: 建议使用I方法替代_post
NOTIC: 建议使用I方法替代_post

[ 2016-07-21T13:44:57+08:00 ] 127.0.0.1 /admin.php/Article/article_update
NOTIC: 建议使用I方法替代_post
NOTIC: 建议使用I方法替代_post
NOTIC: 建议使用I方法替代_post
NOTIC: 建议使用I方法替代_post
NOTIC: 建议使用I方法替代_post
NOTIC: 建议使用I方法替代_post

[ 2016-07-21T13:49:18+08:00 ] 127.0.0.1 /admin.php/Article/article_update
NOTIC: 建议使用I方法替代_post
NOTIC: 建议使用I方法替代_post
NOTIC: 建议使用I方法替代_post
NOTIC: 建议使用I方法替代_post
NOTIC: 建议使用I方法替代_post
NOTIC: 建议使用I方法替代_post

[ 2016-07-21T13:53:34+08:00 ] 127.0.0.1 /admin.php/Article/article_update
NOTIC: 建议使用I方法替代_post
NOTIC: 建议使用I方法替代_post
NOTIC: 建议使用I方法替代_post
NOTIC: 建议使用I方法替代_post
NOTIC: 建议使用I方法替代_post
NOTIC: 建议使用I方法替代_post
ERR: 模板不存在[./Admin/Tpl/Public/success.html]

[ 2016-07-21T13:54:41+08:00 ] 127.0.0.1 /admin.php/Article/article_update
NOTIC: 建议使用I方法替代_post
NOTIC: 建议使用I方法替代_post
NOTIC: 建议使用I方法替代_post
NOTIC: 建议使用I方法替代_post
NOTIC: 建议使用I方法替代_post
NOTIC: 建议使用I方法替代_post

[ 2016-07-21T13:54:53+08:00 ] 127.0.0.1 /admin.php/Article/article_update
NOTIC: 建议使用I方法替代_post
NOTIC: 建议使用I方法替代_post
NOTIC: 建议使用I方法替代_post
NOTIC: 建议使用I方法替代_post
NOTIC: 建议使用I方法替代_post
NOTIC: 建议使用I方法替代_post

[ 2016-07-21T13:54:55+08:00 ] 127.0.0.1 /admin.php/Article/1
ERR: 非法操作:1

[ 2016-07-21T14:00:45+08:00 ] 127.0.0.1 /admin.php/Article/1
ERR: 非法操作:1

[ 2016-07-21T14:00:51+08:00 ] 127.0.0.1 /admin.php/Article/article_update
NOTIC: 建议使用I方法替代_post
NOTIC: 建议使用I方法替代_post
NOTIC: 建议使用I方法替代_post
NOTIC: 建议使用I方法替代_post
NOTIC: 建议使用I方法替代_post
NOTIC: 建议使用I方法替代_post

[ 2016-07-21T14:08:24+08:00 ] 127.0.0.1 /admin.php/Login/login
NOTIC: 建议使用I方法替代_post
NOTIC: 建议使用I方法替代_post

[ 2016-07-21T15:39:39+08:00 ] 127.0.0.1 /admin.php/Login/login
NOTIC: 建议使用I方法替代_post
NOTIC: 建议使用I方法替代_post

[ 2016-07-21T15:43:19+08:00 ] 127.0.0.1 /admin.php/Article/article_update
NOTIC: 建议使用I方法替代_post
NOTIC: 建议使用I方法替代_post
NOTIC: 建议使用I方法替代_post
NOTIC: 建议使用I方法替代_post
NOTIC: 建议使用I方法替代_post
NOTIC: 建议使用I方法替代_post

[ 2016-07-21T15:52:25+08:00 ] 127.0.0.1 /admin.php/Public/images/?dir=image
ERR: 无法加载模块:Public

[ 2016-07-21T15:54:39+08:00 ] 127.0.0.1 /admin.php/Public/images/?dir=image
ERR: 无法加载模块:Public

[ 2016-07-21T15:59:38+08:00 ] 127.0.0.1 /admin.php/Article/upload?dir=image
ERR: 非法操作:upload

[ 2016-07-21T16:15:50+08:00 ] 127.0.0.1 /admin.php/Article/article_update
NOTIC: 建议使用I方法替代_post
NOTIC: 建议使用I方法替代_post
NOTIC: 建议使用I方法替代_post
NOTIC: 建议使用I方法替代_post
NOTIC: 建议使用I方法替代_post
NOTIC: 建议使用I方法替代_post

[ 2016-07-21T16:39:40+08:00 ] 127.0.0.1 /admin.php/Login/login
NOTIC: 建议使用I方法替代_post
NOTIC: 建议使用I方法替代_post

[ 2016-07-21T17:19:03+08:00 ] 127.0.0.1 /admin.php/Article/article_update
NOTIC: 建议使用I方法替代_post
NOTIC: 建议使用I方法替代_post
NOTIC: 建议使用I方法替代_post
NOTIC: 建议使用I方法替代_post
NOTIC: 建议使用I方法替代_post
NOTIC: 建议使用I方法替代_post

[ 2016-07-21T17:19:26+08:00 ] 127.0.0.1 /admin.php/Article/article_update
NOTIC: 建议使用I方法替代_post
NOTIC: 建议使用I方法替代_post
NOTIC: 建议使用I方法替代_post
NOTIC: 建议使用I方法替代_post
NOTIC: 建议使用I方法替代_post
NOTIC: 建议使用I方法替代_post

[ 2016-07-21T17:27:26+08:00 ] 127.0.0.1 /admin.php/Article/article_insert
NOTIC: 建议使用I方法替代_post
NOTIC: 建议使用I方法替代_post
NOTIC: 建议使用I方法替代_post
NOTIC: 建议使用I方法替代_post
NOTIC: 建议使用I方法替代_post

[ 2016-07-21T17:36:27+08:00 ] 127.0.0.1 /admin.php/Article/article_update
NOTIC: 建议使用I方法替代_post
NOTIC: 建议使用I方法替代_post
NOTIC: 建议使用I方法替代_post
NOTIC: 建议使用I方法替代_post
NOTIC: 建议使用I方法替代_post
NOTIC: 建议使用I方法替代_post

[ 2016-07-21T17:38:04+08:00 ] 127.0.0.1 /admin.php/Article/article_update
NOTIC: 建议使用I方法替代_post
NOTIC: 建议使用I方法替代_post
NOTIC: 建议使用I方法替代_post
NOTIC: 建议使用I方法替代_post
NOTIC: 建议使用I方法替代_post
NOTIC: 建议使用I方法替代_post

[ 2016-07-21T17:41:56+08:00 ] 127.0.0.1 /admin.php/Login/login
NOTIC: 建议使用I方法替代_post
NOTIC: 建议使用I方法替代_post

[ 2016-07-21T17:43:17+08:00 ] 127.0.0.1 /admin.php/Article/article_update
NOTIC: 建议使用I方法替代_post
NOTIC: 建议使用I方法替代_post
NOTIC: 建议使用I方法替代_post
NOTIC: 建议使用I方法替代_post
NOTIC: 建议使用I方法替代_post
NOTIC: 建议使用I方法替代_post

[ 2016-07-21T17:55:38+08:00 ] 127.0.0.1 /admin.php/Article/article_update
NOTIC: 建议使用I方法替代_post
NOTIC: 建议使用I方法替代_post
NOTIC: 建议使用I方法替代_post
NOTIC: 建议使用I方法替代_post
NOTIC: 建议使用I方法替代_post
NOTIC: 建议使用I方法替代_post

[ 2016-07-21T17:59:46+08:00 ] 127.0.0.1 /admin.php/Article/article_update
NOTIC: 建议使用I方法替代_post
NOTIC: 建议使用I方法替代_post
NOTIC: 建议使用I方法替代_post
NOTIC: 建议使用I方法替代_post
NOTIC: 建议使用I方法替代_post
NOTIC: 建议使用I方法替代_post

