[ 2016-07-20T14:16:17+08:00 ] 127.0.0.1 /admin.php/Login/login
NOTIC: 建议使用I方法替代_post
NOTIC: 建议使用I方法替代_post

[ 2016-07-20T14:16:57+08:00 ] 127.0.0.1 /admin.php/Column/col_update
NOTIC: 建议使用I方法替代_post
NOTIC: 建议使用I方法替代_post
NOTIC: 建议使用I方法替代_post
NOTIC: 建议使用I方法替代_post
NOTIC: 建议使用I方法替代_post

[ 2016-07-20T14:17:11+08:00 ] 127.0.0.1 /admin.php/Column/col_update
NOTIC: 建议使用I方法替代_post
NOTIC: 建议使用I方法替代_post
NOTIC: 建议使用I方法替代_post
NOTIC: 建议使用I方法替代_post
NOTIC: 建议使用I方法替代_post

[ 2016-07-20T14:17:23+08:00 ] 127.0.0.1 /admin.php/Column/col_update
NOTIC: 建议使用I方法替代_post
NOTIC: 建议使用I方法替代_post
NOTIC: 建议使用I方法替代_post
NOTIC: 建议使用I方法替代_post
NOTIC: 建议使用I方法替代_post

[ 2016-07-20T14:17:52+08:00 ] 127.0.0.1 /admin.php/Column/col_insert
NOTIC: 建议使用I方法替代_post
NOTIC: 建议使用I方法替代_post
NOTIC: 建议使用I方法替代_post
NOTIC: 建议使用I方法替代_post
NOTIC: 建议使用I方法替代_post

[ 2016-07-20T14:18:18+08:00 ] 127.0.0.1 /admin.php/Column/col_insert
NOTIC: 建议使用I方法替代_post
NOTIC: 建议使用I方法替代_post
NOTIC: 建议使用I方法替代_post
NOTIC: 建议使用I方法替代_post
NOTIC: 建议使用I方法替代_post

[ 2016-07-20T14:18:32+08:00 ] 127.0.0.1 /admin.php/Column/col_update
NOTIC: 建议使用I方法替代_post
NOTIC: 建议使用I方法替代_post
NOTIC: 建议使用I方法替代_post
NOTIC: 建议使用I方法替代_post
NOTIC: 建议使用I方法替代_post

[ 2016-07-20T14:19:04+08:00 ] 127.0.0.1 /admin.php/Column/col_insert
NOTIC: 建议使用I方法替代_post
NOTIC: 建议使用I方法替代_post
NOTIC: 建议使用I方法替代_post
NOTIC: 建议使用I方法替代_post
NOTIC: 建议使用I方法替代_post

[ 2016-07-20T14:19:33+08:00 ] 127.0.0.1 /admin.php/Article/article_insert
NOTIC: 建议使用I方法替代_post
NOTIC: 建议使用I方法替代_post
NOTIC: 建议使用I方法替代_post
NOTIC: 建议使用I方法替代_post

[ 2016-07-20T14:19:49+08:00 ] 127.0.0.1 /admin.php/Article/article_update
NOTIC: 建议使用I方法替代_post
NOTIC: 建议使用I方法替代_post
NOTIC: 建议使用I方法替代_post
NOTIC: 建议使用I方法替代_post
NOTIC: 建议使用I方法替代_post

[ 2016-07-20T14:19:59+08:00 ] 127.0.0.1 /admin.php/Article/article_update
NOTIC: 建议使用I方法替代_post
NOTIC: 建议使用I方法替代_post
NOTIC: 建议使用I方法替代_post
NOTIC: 建议使用I方法替代_post
NOTIC: 建议使用I方法替代_post

[ 2016-07-20T14:31:02+08:00 ] 127.0.0.1 /admin.php/Article/article_update
NOTIC: 建议使用I方法替代_post
NOTIC: 建议使用I方法替代_post
NOTIC: 建议使用I方法替代_post
NOTIC: 建议使用I方法替代_post
NOTIC: 建议使用I方法替代_post

[ 2016-07-20T14:31:17+08:00 ] 127.0.0.1 /admin.php/Article/article_update
NOTIC: 建议使用I方法替代_post
NOTIC: 建议使用I方法替代_post
NOTIC: 建议使用I方法替代_post
NOTIC: 建议使用I方法替代_post
NOTIC: 建议使用I方法替代_post

[ 2016-07-20T14:31:33+08:00 ] 127.0.0.1 /admin.php/Article/article_update
NOTIC: 建议使用I方法替代_post
NOTIC: 建议使用I方法替代_post
NOTIC: 建议使用I方法替代_post
NOTIC: 建议使用I方法替代_post
NOTIC: 建议使用I方法替代_post

[ 2016-07-20T14:32:08+08:00 ] 127.0.0.1 /admin.php/Article/article_update
NOTIC: 建议使用I方法替代_post
NOTIC: 建议使用I方法替代_post
NOTIC: 建议使用I方法替代_post
NOTIC: 建议使用I方法替代_post
NOTIC: 建议使用I方法替代_post

[ 2016-07-20T14:33:50+08:00 ] 127.0.0.1 /admin.php/Article/article_update
NOTIC: 建议使用I方法替代_post
NOTIC: 建议使用I方法替代_post
NOTIC: 建议使用I方法替代_post
NOTIC: 建议使用I方法替代_post
NOTIC: 建议使用I方法替代_post

[ 2016-07-20T14:49:08+08:00 ] 127.0.0.1 /admin.php/Column/col_update
NOTIC: 建议使用I方法替代_post
NOTIC: 建议使用I方法替代_post
NOTIC: 建议使用I方法替代_post
NOTIC: 建议使用I方法替代_post
NOTIC: 建议使用I方法替代_post

[ 2016-07-20T15:14:37+08:00 ] 127.0.0.1 /admin.php/Column/col_update
NOTIC: 建议使用I方法替代_post
NOTIC: 建议使用I方法替代_post

[ 2016-07-20T15:14:45+08:00 ] 127.0.0.1 /admin.php/Column/col_update
NOTIC: 建议使用I方法替代_post
NOTIC: 建议使用I方法替代_post

[ 2016-07-20T15:14:55+08:00 ] 127.0.0.1 /admin.php/Column/col_update
NOTIC: 建议使用I方法替代_post
NOTIC: 建议使用I方法替代_post

[ 2016-07-20T15:14:59+08:00 ] 127.0.0.1 /admin.php/Column/col_update
NOTIC: 建议使用I方法替代_post
NOTIC: 建议使用I方法替代_post

[ 2016-07-20T15:20:58+08:00 ] 127.0.0.1 /admin.php/Login/login
NOTIC: 建议使用I方法替代_post
NOTIC: 建议使用I方法替代_post

[ 2016-07-20T15:21:08+08:00 ] 127.0.0.1 /admin.php/Article/article_update
NOTIC: 建议使用I方法替代_post
NOTIC: 建议使用I方法替代_post
NOTIC: 建议使用I方法替代_post
NOTIC: 建议使用I方法替代_post
NOTIC: 建议使用I方法替代_post

[ 2016-07-20T15:21:16+08:00 ] 127.0.0.1 /admin.php/Article/article_update
NOTIC: 建议使用I方法替代_post
NOTIC: 建议使用I方法替代_post
NOTIC: 建议使用I方法替代_post
NOTIC: 建议使用I方法替代_post
NOTIC: 建议使用I方法替代_post

[ 2016-07-20T15:21:22+08:00 ] 127.0.0.1 /admin.php/Article/article_update
NOTIC: 建议使用I方法替代_post
NOTIC: 建议使用I方法替代_post
NOTIC: 建议使用I方法替代_post
NOTIC: 建议使用I方法替代_post
NOTIC: 建议使用I方法替代_post

[ 2016-07-20T15:34:53+08:00 ] 127.0.0.1 /admin.php/Article/article_update
NOTIC: 建议使用I方法替代_post
NOTIC: 建议使用I方法替代_post
NOTIC: 建议使用I方法替代_post
NOTIC: 建议使用I方法替代_post
NOTIC: 建议使用I方法替代_post

[ 2016-07-20T15:35:04+08:00 ] 127.0.0.1 /admin.php/Article/article_update
NOTIC: 建议使用I方法替代_post
NOTIC: 建议使用I方法替代_post
NOTIC: 建议使用I方法替代_post
NOTIC: 建议使用I方法替代_post
NOTIC: 建议使用I方法替代_post

[ 2016-07-20T15:35:28+08:00 ] 127.0.0.1 /admin.php/Article/article_update
NOTIC: 建议使用I方法替代_post
NOTIC: 建议使用I方法替代_post
NOTIC: 建议使用I方法替代_post
NOTIC: 建议使用I方法替代_post
NOTIC: 建议使用I方法替代_post

